c:\users\микола\documents\visual studio 2015\projects\weatherapp\directx11\debug\pch.pch
c:\users\микола\documents\visual studio 2015\projects\weatherapp\directx11\debug\vc140.pdb
c:\users\микола\documents\visual studio 2015\projects\weatherapp\directx11\debug\vc140.idb
c:\users\микола\documents\visual studio 2015\projects\weatherapp\directx11\debug\pch.obj
c:\users\микола\documents\visual studio 2015\projects\weatherapp\directx11\debug\deviceresources.obj
c:\users\микола\documents\visual studio 2015\projects\weatherapp\directx11\debug\app.obj
c:\users\микола\documents\visual studio 2015\projects\weatherapp\directx11\debug\samplefpstextrenderer.obj
c:\users\микола\documents\visual studio 2015\projects\weatherapp\directx11\debug\sample3dscenerenderer.obj
c:\users\микола\documents\visual studio 2015\projects\weatherapp\directx11\debug\directx11main.obj
c:\users\микола\documents\visual studio 2015\projects\weatherapp\debug\directx11\samplepixelshader.cso
c:\users\микола\documents\visual studio 2015\projects\weatherapp\debug\directx11\samplevertexshader.cso
c:\users\микола\documents\visual studio 2015\projects\weatherapp\debug\directx11\directx11.winmd
c:\users\микола\documents\visual studio 2015\projects\weatherapp\directx11\debug\directx11.vcxprojresolveassemblyreference.cache
c:\users\микола\documents\visual studio 2015\projects\weatherapp\directx11\debug\resourcehandlingtask.state
c:\users\микола\documents\visual studio 2015\projects\weatherapp\directx11\debug\priconfig.xml
c:\users\микола\documents\visual studio 2015\projects\weatherapp\directx11\debug\priconfig.xml.intermediate
c:\users\микола\documents\visual studio 2015\projects\weatherapp\directx11\debug\layout.resfiles
c:\users\микола\documents\visual studio 2015\projects\weatherapp\directx11\debug\layout.resfiles.intermediate
c:\users\микола\documents\visual studio 2015\projects\weatherapp\directx11\debug\resources.resfiles
c:\users\микола\documents\visual studio 2015\projects\weatherapp\directx11\debug\resources.resfiles.intermediate
c:\users\микола\documents\visual studio 2015\projects\weatherapp\directx11\debug\pri.resfiles
c:\users\микола\documents\visual studio 2015\projects\weatherapp\directx11\debug\pri.resfiles.intermediate
c:\users\микола\documents\visual studio 2015\projects\weatherapp\debug\directx11\resources.pri
c:\users\микола\documents\visual studio 2015\projects\weatherapp\directx11\debug\qualifiers.txt
c:\users\микола\documents\visual studio 2015\projects\weatherapp\directx11\debug\qualifiers.txt.intermediate
c:\users\микола\documents\visual studio 2015\projects\weatherapp\directx11\debug\multiplequalifiersperdimensionfound.txt
c:\users\микола\documents\visual studio 2015\projects\weatherapp\directx11\debug\projectarchitectures.txt
c:\users\микола\documents\visual studio 2015\projects\weatherapp\debug\directx11\appxmanifest.xml
c:\users\микола\documents\visual studio 2015\projects\weatherapp\debug\directx11\directx11.build.appxrecipe
c:\users\микола\documents\visual studio 2015\projects\weatherapp\debug\directx11\directx11.ilk
c:\users\микола\documents\visual studio 2015\projects\weatherapp\debug\directx11\directx11.exe
c:\users\микола\documents\visual studio 2015\projects\weatherapp\debug\directx11\directx11.pdb
c:\users\микола\documents\visual studio 2015\projects\weatherapp\directx11\debug\embed.resfiles
c:\users\микола\documents\visual studio 2015\projects\weatherapp\directx11\debug\directx11.tlog\cl.command.1.tlog
c:\users\микола\documents\visual studio 2015\projects\weatherapp\directx11\debug\directx11.tlog\cl.read.1.tlog
c:\users\микола\documents\visual studio 2015\projects\weatherapp\directx11\debug\directx11.tlog\cl.write.1.tlog
c:\users\микола\documents\visual studio 2015\projects\weatherapp\directx11\debug\directx11.tlog\directx11.read.1u.tlog
c:\users\микола\documents\visual studio 2015\projects\weatherapp\directx11\debug\directx11.tlog\directx11.write.1u.tlog
c:\users\микола\documents\visual studio 2015\projects\weatherapp\directx11\debug\directx11.tlog\fxc.command.1.tlog
c:\users\микола\documents\visual studio 2015\projects\weatherapp\directx11\debug\directx11.tlog\fxc.read.1.tlog
c:\users\микола\documents\visual studio 2015\projects\weatherapp\directx11\debug\directx11.tlog\fxc.write.1.tlog
c:\users\микола\documents\visual studio 2015\projects\weatherapp\directx11\debug\directx11.tlog\link.command.1.tlog
c:\users\микола\documents\visual studio 2015\projects\weatherapp\directx11\debug\directx11.tlog\link.read.1.tlog
c:\users\микола\documents\visual studio 2015\projects\weatherapp\directx11\debug\directx11.tlog\link.write.1.tlog
